<?xml version="1.0" encoding="UTF-8"?>
<!-- Generated by org.testng.reporters.JUnitXMLReporter -->
<testsuite ignored="0" hostname="DESKTOP-QVM6J4J" failures="1" tests="1" name="LoginTest_chrome" time="19.138" errors="0" timestamp="2022-03-12T12:27:27 IST">
  <testcase classname="com.Test.LoginTest" name="verifylogin" time="0.505">
    <failure type="java.lang.AssertionError" message="expected [true] but found [false]">
      <![CDATA[java.lang.AssertionError: expected [true] but found [false]
at com.Test.LoginTest.verifylogin(LoginTest.java:21)
at java.base/java.util.ArrayList.forEach(ArrayList.java:1540)
... Removed 31 stack frames]]>
    </failure>
  </testcase> <!-- verifylogin -->
</testsuite> <!-- LoginTest_chrome -->
